2018-04-10 16:56:26,259: Tracking: tracking
2018-04-10 16:56:26,260: Sending event: {'category': 'dbt', 'action': 'invocation', 'context': [<snowplow_tracker.self_describing_json.SelfDescribingJson object at 0x108a1da90>, <snowplow_tracker.self_describing_json.SelfDescribingJson object at 0x108a1d810>, <snowplow_tracker.self_describing_json.SelfDescribingJson object at 0x108a1d910>], 'label': 'start'}
2018-04-10 16:56:26,641: Loading dependency project from /anaconda2/lib/python2.7/site-packages/dbt/include
2018-04-10 16:56:26,662: Loading dependency project from /Users/clarice/dbt_local/dbt_modules
2018-04-10 16:56:26,666: Parsing core.sql
2018-04-10 16:56:26,700: Parsing materializations/view.sql
2018-04-10 16:56:26,721: Parsing materializations/bigquery.sql
2018-04-10 16:56:26,739: Parsing materializations/wrapper.sql
2018-04-10 16:56:26,744: Parsing materializations/helpers.sql
2018-04-10 16:56:26,767: Parsing materializations/table.sql
2018-04-10 16:56:26,790: Parsing materializations/archive.sql
2018-04-10 16:56:26,829: Parsing materializations/incremental.sql
2018-04-10 16:56:26,861: Parsing etc/get_custom_schema.sql
2018-04-10 16:56:26,869: Parsing adapters/bigquery.sql
2018-04-10 16:56:26,875: Parsing adapters/common.sql
2018-04-10 16:56:26,900: Parsing adapters/redshift.sql
2018-04-10 16:56:26,926: Parsing adapters/postgres.sql
2018-04-10 16:56:26,929: Parsing schema_tests/relationships.sql
2018-04-10 16:56:26,933: Parsing schema_tests/not_null.sql
2018-04-10 16:56:26,935: Parsing schema_tests/unique.sql
2018-04-10 16:56:26,937: Parsing schema_tests/accepted_values.sql
2018-04-10 16:56:26,947: Parsing model.compology.fl_empty_groups
2018-04-10 16:56:26,950: Parsing model.compology.location_history
2018-04-10 16:56:26,952: Parsing model.compology.active_organizations
2018-04-10 16:56:26,954: Parsing model.compology.post_history
2018-04-10 16:56:26,956: Parsing model.compology.fl_level_at_service
2018-04-10 16:56:26,960: Parsing model.compology.route_history
2018-04-10 16:56:26,962: Parsing model.compology.completed_route_tasks
2018-04-10 16:56:26,968: Found 42 macros, 0 analyses, 0 archives, 0 tests, 7 models, 0 operations
2018-04-10 16:56:26,972: 
2018-04-10 16:56:26,975: Acquiring new postgres connection "master".
2018-04-10 16:56:26,975: Opening a new connection (0 currently allocated)
2018-04-10 16:56:26,981: Using postgres connection "master".
2018-04-10 16:56:26,981: On master: select distinct nspname from pg_namespace
2018-04-10 16:56:26,984: SQL status: SELECT 11 in 0.00 seconds
2018-04-10 16:56:26,987: Using postgres connection "master".
2018-04-10 16:56:26,988: On master: BEGIN
2018-04-10 16:56:26,996: SQL status: BEGIN in 0.01 seconds
2018-04-10 16:56:26,996: On master: COMMIT
2018-04-10 16:56:26,996: Using postgres connection "master".
2018-04-10 16:56:26,996: On master: COMMIT
2018-04-10 16:56:26,997: SQL status: COMMIT in 0.00 seconds
2018-04-10 16:56:27,005: 16:56:27 | Concurrency: 1 threads (target='dev')
2018-04-10 16:56:27,005: 16:56:27 | 
2018-04-10 16:56:27,006: Using postgres connection "master".
2018-04-10 16:56:27,006: On master: select tablename as name, 'table' as type from pg_tables
        where schemaname in ('dbt_clarice')
        union all
        select viewname as name, 'view' as type from pg_views
        where schemaname in ('dbt_clarice')
2018-04-10 16:56:27,012: SQL status: SELECT 4 in 0.01 seconds
2018-04-10 16:56:27,027: 16:56:27 | 1 of 1 START view model dbt_clarice.active_organizations............. [RUN]
2018-04-10 16:56:27,027: Compiling model.compology.active_organizations
2018-04-10 16:56:27,038: Writing injected SQL for node "model.compology.active_organizations"
2018-04-10 16:56:27,039: Acquiring new postgres connection "active_organizations".
2018-04-10 16:56:27,040: Opening a new connection (1 currently allocated)
2018-04-10 16:56:27,047: Using postgres connection "active_organizations".
2018-04-10 16:56:27,047: On active_organizations: select tablename as name, 'table' as type from pg_tables
        where schemaname in ('dbt_clarice')
        union all
        select viewname as name, 'view' as type from pg_views
        where schemaname in ('dbt_clarice')
2018-04-10 16:56:27,054: SQL status: SELECT 4 in 0.01 seconds
2018-04-10 16:56:27,057: Writing runtime SQL for node "model.compology.active_organizations"
2018-04-10 16:56:27,057: Using postgres connection "active_organizations".
2018-04-10 16:56:27,057: On active_organizations: BEGIN
2018-04-10 16:56:27,058: SQL status: BEGIN in 0.00 seconds
2018-04-10 16:56:27,058: Using postgres connection "active_organizations".
2018-04-10 16:56:27,058: On active_organizations: 
  
    
  

  
    
  create view "dbt_clarice"."active_organizations__dbt_tmp" as (
    

select *
from platform.organization
where is_active
and id not in ('1045bryant', 'comp', 'pingdom', 'riverbend', 'wasteexpo')
  );
2018-04-10 16:56:27,095: SQL status: CREATE VIEW in 0.04 seconds
2018-04-10 16:56:27,095: Using postgres connection "active_organizations".
2018-04-10 16:56:27,095: On active_organizations: alter table "dbt_clarice"."active_organizations__dbt_tmp" rename to "active_organizations"
2018-04-10 16:56:27,100: SQL status: ALTER TABLE in 0.00 seconds
2018-04-10 16:56:27,100: On active_organizations: COMMIT
2018-04-10 16:56:27,100: Using postgres connection "active_organizations".
2018-04-10 16:56:27,101: On active_organizations: COMMIT
2018-04-10 16:56:27,107: SQL status: COMMIT in 0.01 seconds
2018-04-10 16:56:27,107: Sending event: {'category': 'dbt', 'action': 'run_model', 'context': [<snowplow_tracker.self_describing_json.SelfDescribingJson object at 0x108ae4a10>], 'label': 'd9affbd4-c8af-4843-aac7-8a0bcd07e44a'}
2018-04-10 16:56:27,436: 16:56:27 | 1 of 1 OK created view model dbt_clarice.active_organizations........ [CREATE VIEW in 0.08s]
2018-04-10 16:56:27,535: Using postgres connection "master".
2018-04-10 16:56:27,535: On master: BEGIN
2018-04-10 16:56:27,536: SQL status: BEGIN in 0.00 seconds
2018-04-10 16:56:27,536: On master: COMMIT
2018-04-10 16:56:27,536: Using postgres connection "master".
2018-04-10 16:56:27,536: On master: COMMIT
2018-04-10 16:56:27,536: SQL status: COMMIT in 0.00 seconds
2018-04-10 16:56:27,536: 16:56:27 | 
2018-04-10 16:56:27,537: 16:56:27 | Finished running 1 view models in 0.56s.
2018-04-10 16:56:27,537: Connection 'master' was left open.
2018-04-10 16:56:27,537: 
2018-04-10 16:56:27,537: Completed successfully
2018-04-10 16:56:27,537: 
Done. PASS=1 ERROR=0 SKIP=0 TOTAL=1
2018-04-10 16:56:27,538: Sending event: {'category': 'dbt', 'action': 'invocation', 'context': [<snowplow_tracker.self_describing_json.SelfDescribingJson object at 0x105a4a750>, <snowplow_tracker.self_describing_json.SelfDescribingJson object at 0x10717a310>, <snowplow_tracker.self_describing_json.SelfDescribingJson object at 0x108a0cd50>], 'label': 'end'}
2018-04-10 16:56:27,868: Flushing usage events
2018-04-10 16:56:42,691: Tracking: tracking
2018-04-10 16:56:42,691: Sending event: {'category': 'dbt', 'action': 'invocation', 'context': [<snowplow_tracker.self_describing_json.SelfDescribingJson object at 0x112e52b10>, <snowplow_tracker.self_describing_json.SelfDescribingJson object at 0x112e52a10>, <snowplow_tracker.self_describing_json.SelfDescribingJson object at 0x112e52d50>], 'label': 'start'}
2018-04-10 16:56:43,037: Loading dependency project from /anaconda2/lib/python2.7/site-packages/dbt/include
2018-04-10 16:56:43,051: Loading dependency project from /Users/clarice/dbt_local/dbt_modules
2018-04-10 16:56:43,053: Parsing core.sql
2018-04-10 16:56:43,067: Parsing materializations/view.sql
2018-04-10 16:56:43,085: Parsing materializations/bigquery.sql
2018-04-10 16:56:43,101: Parsing materializations/wrapper.sql
2018-04-10 16:56:43,105: Parsing materializations/helpers.sql
2018-04-10 16:56:43,126: Parsing materializations/table.sql
2018-04-10 16:56:43,148: Parsing materializations/archive.sql
2018-04-10 16:56:43,185: Parsing materializations/incremental.sql
2018-04-10 16:56:43,221: Parsing etc/get_custom_schema.sql
2018-04-10 16:56:43,227: Parsing adapters/bigquery.sql
2018-04-10 16:56:43,233: Parsing adapters/common.sql
2018-04-10 16:56:43,257: Parsing adapters/redshift.sql
2018-04-10 16:56:43,281: Parsing adapters/postgres.sql
2018-04-10 16:56:43,284: Parsing schema_tests/relationships.sql
2018-04-10 16:56:43,287: Parsing schema_tests/not_null.sql
2018-04-10 16:56:43,289: Parsing schema_tests/unique.sql
2018-04-10 16:56:43,291: Parsing schema_tests/accepted_values.sql
2018-04-10 16:56:43,299: Parsing model.compology.fl_empty_groups
2018-04-10 16:56:43,301: Parsing model.compology.location_history
2018-04-10 16:56:43,303: Parsing model.compology.active_organizations
2018-04-10 16:56:43,305: Parsing model.compology.post_history
2018-04-10 16:56:43,307: Parsing model.compology.fl_level_at_service
2018-04-10 16:56:43,310: Parsing model.compology.route_history
2018-04-10 16:56:43,313: Parsing model.compology.completed_route_tasks
2018-04-10 16:56:43,318: Found 42 macros, 0 analyses, 0 archives, 0 tests, 7 models, 0 operations
2018-04-10 16:56:43,322: 
2018-04-10 16:56:43,324: Acquiring new postgres connection "master".
2018-04-10 16:56:43,325: Opening a new connection (0 currently allocated)
2018-04-10 16:56:43,329: Using postgres connection "master".
2018-04-10 16:56:43,330: On master: select distinct nspname from pg_namespace
2018-04-10 16:56:43,331: SQL status: SELECT 11 in 0.00 seconds
2018-04-10 16:56:43,334: Using postgres connection "master".
2018-04-10 16:56:43,334: On master: BEGIN
2018-04-10 16:56:43,335: SQL status: BEGIN in 0.00 seconds
2018-04-10 16:56:43,335: On master: COMMIT
2018-04-10 16:56:43,335: Using postgres connection "master".
2018-04-10 16:56:43,335: On master: COMMIT
2018-04-10 16:56:43,335: SQL status: COMMIT in 0.00 seconds
2018-04-10 16:56:43,341: 16:56:43 | Concurrency: 1 threads (target='dev')
2018-04-10 16:56:43,341: 16:56:43 | 
2018-04-10 16:56:43,341: Using postgres connection "master".
2018-04-10 16:56:43,341: On master: select tablename as name, 'table' as type from pg_tables
        where schemaname in ('dbt_clarice')
        union all
        select viewname as name, 'view' as type from pg_views
        where schemaname in ('dbt_clarice')
2018-04-10 16:56:43,344: SQL status: SELECT 5 in 0.00 seconds
2018-04-10 16:56:43,348: 16:56:43 | 1 of 1 START table model dbt_clarice.route_history................... [RUN]
2018-04-10 16:56:43,348: Compiling model.compology.route_history
2018-04-10 16:56:43,355: Writing injected SQL for node "model.compology.route_history"
2018-04-10 16:56:43,358: Acquiring new postgres connection "route_history".
2018-04-10 16:56:43,358: Opening a new connection (1 currently allocated)
2018-04-10 16:56:43,363: Using postgres connection "route_history".
2018-04-10 16:56:43,363: On route_history: select tablename as name, 'table' as type from pg_tables
        where schemaname in ('dbt_clarice')
        union all
        select viewname as name, 'view' as type from pg_views
        where schemaname in ('dbt_clarice')
2018-04-10 16:56:43,367: SQL status: SELECT 5 in 0.00 seconds
2018-04-10 16:56:43,370: Writing runtime SQL for node "model.compology.route_history"
2018-04-10 16:56:43,370: Using postgres connection "route_history".
2018-04-10 16:56:43,371: On route_history: BEGIN
2018-04-10 16:56:43,371: SQL status: BEGIN in 0.00 seconds
2018-04-10 16:56:43,371: Using postgres connection "route_history".
2018-04-10 16:56:43,371: On route_history: 
  
    
  

  
    
  create  table
    "dbt_clarice"."route_history__dbt_tmp" as (
    

with routes as (
  select r.id,
  r.organization_id,
  r.created_at,
  r.started_at,
  r.completed_at,
  r.content_type,
  r.added_fuel_gallons as "fuel_gallons",
  r.miles_driven,
  us.full_name as "driver"
  from platform.route r
  left join platform.user us
  on r.assigned_to_id = us.id
  where exists(select 1 from "dbt_clarice"."active_organizations" where us.organization = id)
), route_tasks as (
  select rt.id as "route_task_id",
  rt.task_id,
  rt.route_id,
  rt.started_at,
  rt.resolved_at,
  rt.resolution,
  rt.skip_reason,
  extract(epoch from rt.resolved_at - rt.created_at)::numeric/3600/24 as "days_to_resolve_route_task"
  from platform.route_task rt
  where exists(select 1 from routes r where rt.route_id = r.id)
)
select rs.started_at as "route_started_at",
rs.organization_id as "org_id",
t.dumpster_id,
rts.started_at as "route_task_started_at",
t.action_type,
t.dumpster_cubic_yards,
t.description as "task_description",
rts.resolution,
rts.resolved_at as "route_task_resolved_at",
rts.days_to_resolve_route_task,
rts.skip_reason,
rs.driver,
rs.content_type,
rs.fuel_gallons,
rs.miles_driven,
rts.route_task_id,
rts.route_id,
rs.completed_at as "route_completed_at",
rts.task_id,
t.created_at as "task_created_at",
t.deleted_at as "task_deleted_at",
t.resolved_at as "task_resolved_at"
from route_tasks rts
left join platform.task t
on rts.task_id = t.id
left join routes rs
on rts.route_id = rs.id
where (t.deleted_at is null or t.deleted_at > rts.resolved_at)
and rts.resolution != 'unassign'
order by rs.started_at desc, rts.started_at asc, rs.organization_id asc
  );
2018-04-10 16:56:45,508: SQL status: SELECT 61680 in 2.14 seconds
2018-04-10 16:56:45,509: Using postgres connection "route_history".
2018-04-10 16:56:45,509: On route_history: alter table "dbt_clarice"."route_history__dbt_tmp" rename to "route_history"
2018-04-10 16:56:45,513: SQL status: ALTER TABLE in 0.00 seconds
2018-04-10 16:56:45,514: On route_history: COMMIT
2018-04-10 16:56:45,514: Using postgres connection "route_history".
2018-04-10 16:56:45,514: On route_history: COMMIT
2018-04-10 16:56:45,519: SQL status: COMMIT in 0.00 seconds
2018-04-10 16:56:45,520: Sending event: {'category': 'dbt', 'action': 'run_model', 'context': [<snowplow_tracker.self_describing_json.SelfDescribingJson object at 0x112f7f890>], 'label': '3ad61c6d-53f9-4131-b3cd-da95f9708215'}
2018-04-10 16:56:46,126: 16:56:46 | 1 of 1 OK created table model dbt_clarice.route_history.............. [SELECT 61680 in 2.17s]
2018-04-10 16:56:46,216: Using postgres connection "master".
2018-04-10 16:56:46,216: On master: BEGIN
2018-04-10 16:56:46,216: SQL status: BEGIN in 0.00 seconds
2018-04-10 16:56:46,216: On master: COMMIT
2018-04-10 16:56:46,216: Using postgres connection "master".
2018-04-10 16:56:46,217: On master: COMMIT
2018-04-10 16:56:46,217: SQL status: COMMIT in 0.00 seconds
2018-04-10 16:56:46,217: 16:56:46 | 
2018-04-10 16:56:46,217: 16:56:46 | Finished running 1 table models in 2.89s.
2018-04-10 16:56:46,217: Connection 'master' was left open.
2018-04-10 16:56:46,217: 
2018-04-10 16:56:46,218: Completed successfully
2018-04-10 16:56:46,218: 
Done. PASS=1 ERROR=0 SKIP=0 TOTAL=1
2018-04-10 16:56:46,218: Sending event: {'category': 'dbt', 'action': 'invocation', 'context': [<snowplow_tracker.self_describing_json.SelfDescribingJson object at 0x10fe7f710>, <snowplow_tracker.self_describing_json.SelfDescribingJson object at 0x1115af2d0>, <snowplow_tracker.self_describing_json.SelfDescribingJson object at 0x112e42d10>], 'label': 'end'}
2018-04-10 16:56:46,550: Flushing usage events
2018-04-10 16:57:09,358: Tracking: tracking
2018-04-10 16:57:09,358: Sending event: {'category': 'dbt', 'action': 'invocation', 'context': [<snowplow_tracker.self_describing_json.SelfDescribingJson object at 0x11313fb10>, <snowplow_tracker.self_describing_json.SelfDescribingJson object at 0x11313fa10>, <snowplow_tracker.self_describing_json.SelfDescribingJson object at 0x11313fd50>], 'label': 'start'}
2018-04-10 16:57:09,706: Loading dependency project from /anaconda2/lib/python2.7/site-packages/dbt/include
2018-04-10 16:57:09,725: Loading dependency project from /Users/clarice/dbt_local/dbt_modules
2018-04-10 16:57:09,726: Parsing core.sql
2018-04-10 16:57:09,740: Parsing materializations/view.sql
2018-04-10 16:57:09,758: Parsing materializations/bigquery.sql
2018-04-10 16:57:09,774: Parsing materializations/wrapper.sql
2018-04-10 16:57:09,778: Parsing materializations/helpers.sql
2018-04-10 16:57:09,798: Parsing materializations/table.sql
2018-04-10 16:57:09,820: Parsing materializations/archive.sql
2018-04-10 16:57:09,857: Parsing materializations/incremental.sql
2018-04-10 16:57:09,888: Parsing etc/get_custom_schema.sql
2018-04-10 16:57:09,894: Parsing adapters/bigquery.sql
2018-04-10 16:57:09,900: Parsing adapters/common.sql
2018-04-10 16:57:09,923: Parsing adapters/redshift.sql
2018-04-10 16:57:09,947: Parsing adapters/postgres.sql
2018-04-10 16:57:09,951: Parsing schema_tests/relationships.sql
2018-04-10 16:57:09,953: Parsing schema_tests/not_null.sql
2018-04-10 16:57:09,956: Parsing schema_tests/unique.sql
2018-04-10 16:57:09,959: Parsing schema_tests/accepted_values.sql
2018-04-10 16:57:09,967: Parsing model.compology.fl_empty_groups
2018-04-10 16:57:09,969: Parsing model.compology.location_history
2018-04-10 16:57:09,971: Parsing model.compology.active_organizations
2018-04-10 16:57:09,973: Parsing model.compology.post_history
2018-04-10 16:57:09,976: Parsing model.compology.fl_level_at_service
2018-04-10 16:57:09,979: Parsing model.compology.route_history
2018-04-10 16:57:09,982: Parsing model.compology.completed_route_tasks
2018-04-10 16:57:09,987: Found 42 macros, 0 analyses, 0 archives, 0 tests, 7 models, 0 operations
2018-04-10 16:57:09,990: 
2018-04-10 16:57:09,993: Acquiring new postgres connection "master".
2018-04-10 16:57:09,993: Opening a new connection (0 currently allocated)
2018-04-10 16:57:09,998: Using postgres connection "master".
2018-04-10 16:57:09,999: On master: select distinct nspname from pg_namespace
2018-04-10 16:57:10,000: SQL status: SELECT 11 in 0.00 seconds
2018-04-10 16:57:10,003: Using postgres connection "master".
2018-04-10 16:57:10,003: On master: BEGIN
2018-04-10 16:57:10,005: SQL status: BEGIN in 0.00 seconds
2018-04-10 16:57:10,005: On master: COMMIT
2018-04-10 16:57:10,005: Using postgres connection "master".
2018-04-10 16:57:10,005: On master: COMMIT
2018-04-10 16:57:10,005: SQL status: COMMIT in 0.00 seconds
2018-04-10 16:57:10,011: 16:57:10 | Concurrency: 1 threads (target='dev')
2018-04-10 16:57:10,011: 16:57:10 | 
2018-04-10 16:57:10,012: Using postgres connection "master".
2018-04-10 16:57:10,012: On master: select tablename as name, 'table' as type from pg_tables
        where schemaname in ('dbt_clarice')
        union all
        select viewname as name, 'view' as type from pg_views
        where schemaname in ('dbt_clarice')
2018-04-10 16:57:10,014: SQL status: SELECT 6 in 0.00 seconds
2018-04-10 16:57:10,018: 16:57:10 | 1 of 1 START table model dbt_clarice.completed_route_tasks........... [RUN]
2018-04-10 16:57:10,019: Compiling model.compology.completed_route_tasks
2018-04-10 16:57:10,024: Writing injected SQL for node "model.compology.completed_route_tasks"
2018-04-10 16:57:10,026: Acquiring new postgres connection "completed_route_tasks".
2018-04-10 16:57:10,026: Opening a new connection (1 currently allocated)
2018-04-10 16:57:10,031: Using postgres connection "completed_route_tasks".
2018-04-10 16:57:10,032: On completed_route_tasks: select tablename as name, 'table' as type from pg_tables
        where schemaname in ('dbt_clarice')
        union all
        select viewname as name, 'view' as type from pg_views
        where schemaname in ('dbt_clarice')
2018-04-10 16:57:10,035: SQL status: SELECT 6 in 0.00 seconds
2018-04-10 16:57:10,040: Writing runtime SQL for node "model.compology.completed_route_tasks"
2018-04-10 16:57:10,041: Using postgres connection "completed_route_tasks".
2018-04-10 16:57:10,041: On completed_route_tasks: BEGIN
2018-04-10 16:57:10,041: SQL status: BEGIN in 0.00 seconds
2018-04-10 16:57:10,041: Using postgres connection "completed_route_tasks".
2018-04-10 16:57:10,041: On completed_route_tasks: 
  
    
  

  
    
  create  table
    "dbt_clarice"."completed_route_tasks__dbt_tmp" as (
    with containers as (
  select id, description
  from platform.dumpster
  where organization = 'pssi'
  and lower(description) not similar to '%(compactor|no sensor)%'
), route_history as (
  select * from "dbt_clarice"."route_history"
  where org_id = 'pssi'
  and resolution = 'complete'
  and exists(select 1 from containers c where dumpster_id = c.id)
  and task_description not ilike '%compactor%'
)
select rh.task_id,
rh.route_task_resolved_at as "task_completed_at",
rh.dumpster_id,
rh.task_description,
count(lt.id) as "landfill_tickets",
array_agg(distinct lt.location_id) as "landfill_loc_id"
from route_history rh
left join landfill_ticket lt
on rh.task_id = lt.task_id
group by 1, 2, 3, 4
order by 2 desc
  );
2018-04-10 16:57:10,055: Postgres error: relation "landfill_ticket" does not exist
LINE 29: left join landfill_ticket lt
                   ^

2018-04-10 16:57:10,055: On completed_route_tasks: ROLLBACK
2018-04-10 16:57:10,056: Sending event: {'category': 'dbt', 'action': 'run_model', 'context': [<snowplow_tracker.self_describing_json.SelfDescribingJson object at 0x113208850>], 'label': 'b4d639e1-efb2-483e-9c6d-ecd3d1b40985'}
2018-04-10 16:57:10,392: 16:57:10 | 1 of 1 ERROR creating table model dbt_clarice.completed_route_tasks.. [ERROR in 0.04s]
2018-04-10 16:57:10,433: Using postgres connection "master".
2018-04-10 16:57:10,433: On master: BEGIN
2018-04-10 16:57:10,433: SQL status: BEGIN in 0.00 seconds
2018-04-10 16:57:10,434: On master: COMMIT
2018-04-10 16:57:10,434: Using postgres connection "master".
2018-04-10 16:57:10,434: On master: COMMIT
2018-04-10 16:57:10,434: SQL status: COMMIT in 0.00 seconds
2018-04-10 16:57:10,434: 16:57:10 | 
2018-04-10 16:57:10,434: 16:57:10 | Finished running 1 table models in 0.44s.
2018-04-10 16:57:10,435: Connection 'master' was left open.
2018-04-10 16:57:10,435: 
2018-04-10 16:57:10,435: Completed with 1 errors:
2018-04-10 16:57:10,435: 
2018-04-10 16:57:10,436: Database Error in model completed_route_tasks (models/pssi_accel/completed_route_tasks.sql)
2018-04-10 16:57:10,436:   relation "landfill_ticket" does not exist
2018-04-10 16:57:10,436:   LINE 29: left join landfill_ticket lt
2018-04-10 16:57:10,436:                      ^
2018-04-10 16:57:10,436:   compiled SQL at target/run/compology/pssi_accel/completed_route_tasks.sql
2018-04-10 16:57:10,437: 
Done. PASS=0 ERROR=1 SKIP=0 TOTAL=1
2018-04-10 16:57:10,437: Sending event: {'category': 'dbt', 'action': 'invocation', 'context': [<snowplow_tracker.self_describing_json.SelfDescribingJson object at 0x11016c710>, <snowplow_tracker.self_describing_json.SelfDescribingJson object at 0x11189c2d0>, <snowplow_tracker.self_describing_json.SelfDescribingJson object at 0x11326edd0>], 'label': 'end'}
2018-04-10 16:57:10,770: Flushing usage events
2018-04-10 17:05:12,002: Tracking: tracking
2018-04-10 17:05:12,003: Sending event: {'category': 'dbt', 'action': 'invocation', 'context': [<snowplow_tracker.self_describing_json.SelfDescribingJson object at 0x106ad1b10>, <snowplow_tracker.self_describing_json.SelfDescribingJson object at 0x106ad1a10>, <snowplow_tracker.self_describing_json.SelfDescribingJson object at 0x106ad1d50>], 'label': 'start'}
2018-04-10 17:05:12,385: Loading dependency project from /anaconda2/lib/python2.7/site-packages/dbt/include
2018-04-10 17:05:12,400: Loading dependency project from /Users/clarice/dbt_local/dbt_modules
2018-04-10 17:05:12,402: Parsing core.sql
2018-04-10 17:05:12,416: Parsing materializations/view.sql
2018-04-10 17:05:12,434: Parsing materializations/bigquery.sql
2018-04-10 17:05:12,450: Parsing materializations/wrapper.sql
2018-04-10 17:05:12,453: Parsing materializations/helpers.sql
2018-04-10 17:05:12,474: Parsing materializations/table.sql
2018-04-10 17:05:12,496: Parsing materializations/archive.sql
2018-04-10 17:05:12,533: Parsing materializations/incremental.sql
2018-04-10 17:05:12,565: Parsing etc/get_custom_schema.sql
2018-04-10 17:05:12,572: Parsing adapters/bigquery.sql
2018-04-10 17:05:12,577: Parsing adapters/common.sql
2018-04-10 17:05:12,602: Parsing adapters/redshift.sql
2018-04-10 17:05:12,625: Parsing adapters/postgres.sql
2018-04-10 17:05:12,629: Parsing schema_tests/relationships.sql
2018-04-10 17:05:12,632: Parsing schema_tests/not_null.sql
2018-04-10 17:05:12,634: Parsing schema_tests/unique.sql
2018-04-10 17:05:12,637: Parsing schema_tests/accepted_values.sql
2018-04-10 17:05:12,646: Parsing model.compology.fl_empty_groups
2018-04-10 17:05:12,648: Parsing model.compology.location_history
2018-04-10 17:05:12,650: Parsing model.compology.active_organizations
2018-04-10 17:05:12,652: Parsing model.compology.post_history
2018-04-10 17:05:12,654: Parsing model.compology.fl_level_at_service
2018-04-10 17:05:12,658: Parsing model.compology.route_history
2018-04-10 17:05:12,661: Parsing model.compology.completed_route_tasks
2018-04-10 17:05:12,667: Found 42 macros, 0 analyses, 0 archives, 0 tests, 7 models, 0 operations
2018-04-10 17:05:12,670: 
2018-04-10 17:05:12,674: Acquiring new postgres connection "master".
2018-04-10 17:05:12,674: Opening a new connection (0 currently allocated)
2018-04-10 17:05:12,679: Using postgres connection "master".
2018-04-10 17:05:12,680: On master: select distinct nspname from pg_namespace
2018-04-10 17:05:12,681: SQL status: SELECT 11 in 0.00 seconds
2018-04-10 17:05:12,684: Using postgres connection "master".
2018-04-10 17:05:12,684: On master: BEGIN
2018-04-10 17:05:12,685: SQL status: BEGIN in 0.00 seconds
2018-04-10 17:05:12,685: On master: COMMIT
2018-04-10 17:05:12,685: Using postgres connection "master".
2018-04-10 17:05:12,685: On master: COMMIT
2018-04-10 17:05:12,685: SQL status: COMMIT in 0.00 seconds
2018-04-10 17:05:12,691: 17:05:12 | Concurrency: 1 threads (target='dev')
2018-04-10 17:05:12,691: 17:05:12 | 
2018-04-10 17:05:12,691: Using postgres connection "master".
2018-04-10 17:05:12,692: On master: select tablename as name, 'table' as type from pg_tables
        where schemaname in ('dbt_clarice')
        union all
        select viewname as name, 'view' as type from pg_views
        where schemaname in ('dbt_clarice')
2018-04-10 17:05:12,694: SQL status: SELECT 6 in 0.00 seconds
2018-04-10 17:05:12,698: 17:05:12 | 1 of 1 START view model dbt_clarice.completed_route_tasks............ [RUN]
2018-04-10 17:05:12,698: Compiling model.compology.completed_route_tasks
2018-04-10 17:05:12,705: Writing injected SQL for node "model.compology.completed_route_tasks"
2018-04-10 17:05:12,706: Acquiring new postgres connection "completed_route_tasks".
2018-04-10 17:05:12,706: Opening a new connection (1 currently allocated)
2018-04-10 17:05:12,711: Using postgres connection "completed_route_tasks".
2018-04-10 17:05:12,712: On completed_route_tasks: select tablename as name, 'table' as type from pg_tables
        where schemaname in ('dbt_clarice')
        union all
        select viewname as name, 'view' as type from pg_views
        where schemaname in ('dbt_clarice')
2018-04-10 17:05:12,717: SQL status: SELECT 6 in 0.01 seconds
2018-04-10 17:05:12,720: Writing runtime SQL for node "model.compology.completed_route_tasks"
2018-04-10 17:05:12,720: Using postgres connection "completed_route_tasks".
2018-04-10 17:05:12,721: On completed_route_tasks: BEGIN
2018-04-10 17:05:12,721: SQL status: BEGIN in 0.00 seconds
2018-04-10 17:05:12,721: Using postgres connection "completed_route_tasks".
2018-04-10 17:05:12,721: On completed_route_tasks: 
  
    
  

  
    
  create view "dbt_clarice"."completed_route_tasks__dbt_tmp" as (
    

with containers as (
  select id, description
  from platform.dumpster
  where organization = 'pssi'
  and lower(description) not similar to '%(compactor|no sensor)%'
), route_history as (
  select * from "dbt_clarice"."route_history"
  where org_id = 'pssi'
  and resolution = 'complete'
  and exists(select 1 from containers c where dumpster_id = c.id)
  and task_description not ilike '%compactor%'
)
select rh.task_id,
rh.route_task_resolved_at as "task_completed_at",
rh.dumpster_id,
rh.task_description,
count(lt.id) as "landfill_tickets",
array_agg(distinct lt.location_id) as "landfill_loc_id"
from route_history rh
left join platform.landfill_ticket lt
on rh.task_id = lt.task_id
group by 1, 2, 3, 4
order by 2 desc
  );
2018-04-10 17:05:12,731: SQL status: CREATE VIEW in 0.01 seconds
2018-04-10 17:05:12,732: Using postgres connection "completed_route_tasks".
2018-04-10 17:05:12,733: On completed_route_tasks: alter table "dbt_clarice"."completed_route_tasks__dbt_tmp" rename to "completed_route_tasks"
2018-04-10 17:05:12,734: SQL status: ALTER TABLE in 0.00 seconds
2018-04-10 17:05:12,734: On completed_route_tasks: COMMIT
2018-04-10 17:05:12,734: Using postgres connection "completed_route_tasks".
2018-04-10 17:05:12,734: On completed_route_tasks: COMMIT
2018-04-10 17:05:12,735: SQL status: COMMIT in 0.00 seconds
2018-04-10 17:05:12,736: Sending event: {'category': 'dbt', 'action': 'run_model', 'context': [<snowplow_tracker.self_describing_json.SelfDescribingJson object at 0x106bfe890>], 'label': 'ba129f52-0ec8-4e7c-8bf1-9cb1b6754174'}
2018-04-10 17:05:13,083: 17:05:13 | 1 of 1 OK created view model dbt_clarice.completed_route_tasks....... [CREATE VIEW in 0.04s]
2018-04-10 17:05:13,119: Using postgres connection "master".
2018-04-10 17:05:13,119: On master: BEGIN
2018-04-10 17:05:13,120: SQL status: BEGIN in 0.00 seconds
2018-04-10 17:05:13,120: On master: COMMIT
2018-04-10 17:05:13,120: Using postgres connection "master".
2018-04-10 17:05:13,120: On master: COMMIT
2018-04-10 17:05:13,120: SQL status: COMMIT in 0.00 seconds
2018-04-10 17:05:13,121: 17:05:13 | 
2018-04-10 17:05:13,121: 17:05:13 | Finished running 1 view models in 0.45s.
2018-04-10 17:05:13,121: Connection 'master' was left open.
2018-04-10 17:05:13,121: 
2018-04-10 17:05:13,121: Completed successfully
2018-04-10 17:05:13,122: 
Done. PASS=1 ERROR=0 SKIP=0 TOTAL=1
2018-04-10 17:05:13,122: Sending event: {'category': 'dbt', 'action': 'invocation', 'context': [<snowplow_tracker.self_describing_json.SelfDescribingJson object at 0x103afe710>, <snowplow_tracker.self_describing_json.SelfDescribingJson object at 0x10522e2d0>, <snowplow_tracker.self_describing_json.SelfDescribingJson object at 0x106ac1d10>], 'label': 'end'}
2018-04-10 17:05:13,471: Flushing usage events
